mode: atomic
github.com/garnizeh/moolah/internal/platform/repository/account_repo.go:18.68,20.2 1 17
github.com/garnizeh/moolah/internal/platform/repository/account_repo.go:23.126,33.16 2 12
github.com/garnizeh/moolah/internal/platform/repository/account_repo.go:33.16,35.3 1 1
github.com/garnizeh/moolah/internal/platform/repository/account_repo.go:37.2,37.29 1 11
github.com/garnizeh/moolah/internal/platform/repository/account_repo.go:41.98,46.16 2 6
github.com/garnizeh/moolah/internal/platform/repository/account_repo.go:46.16,48.3 1 3
github.com/garnizeh/moolah/internal/platform/repository/account_repo.go:50.2,50.29 1 3
github.com/garnizeh/moolah/internal/platform/repository/account_repo.go:54.100,56.16 2 4
github.com/garnizeh/moolah/internal/platform/repository/account_repo.go:56.16,58.3 1 1
github.com/garnizeh/moolah/internal/platform/repository/account_repo.go:60.2,61.27 2 3
github.com/garnizeh/moolah/internal/platform/repository/account_repo.go:61.27,63.3 1 8
github.com/garnizeh/moolah/internal/platform/repository/account_repo.go:65.2,65.22 1 3
github.com/garnizeh/moolah/internal/platform/repository/account_repo.go:69.106,74.16 2 3
github.com/garnizeh/moolah/internal/platform/repository/account_repo.go:74.16,76.3 1 1
github.com/garnizeh/moolah/internal/platform/repository/account_repo.go:78.2,79.27 2 2
github.com/garnizeh/moolah/internal/platform/repository/account_repo.go:79.27,81.3 1 2
github.com/garnizeh/moolah/internal/platform/repository/account_repo.go:83.2,83.22 1 2
github.com/garnizeh/moolah/internal/platform/repository/account_repo.go:87.130,93.16 2 4
github.com/garnizeh/moolah/internal/platform/repository/account_repo.go:93.16,95.3 1 1
github.com/garnizeh/moolah/internal/platform/repository/account_repo.go:97.2,98.23 2 3
github.com/garnizeh/moolah/internal/platform/repository/account_repo.go:98.23,100.3 1 3
github.com/garnizeh/moolah/internal/platform/repository/account_repo.go:102.2,109.27 3 3
github.com/garnizeh/moolah/internal/platform/repository/account_repo.go:109.27,111.3 1 1
github.com/garnizeh/moolah/internal/platform/repository/account_repo.go:113.2,120.16 2 3
github.com/garnizeh/moolah/internal/platform/repository/account_repo.go:120.16,122.3 1 1
github.com/garnizeh/moolah/internal/platform/repository/account_repo.go:124.2,124.29 1 2
github.com/garnizeh/moolah/internal/platform/repository/account_repo.go:128.108,134.16 2 3
github.com/garnizeh/moolah/internal/platform/repository/account_repo.go:134.16,136.3 1 1
github.com/garnizeh/moolah/internal/platform/repository/account_repo.go:138.2,138.12 1 2
github.com/garnizeh/moolah/internal/platform/repository/account_repo.go:142.78,147.16 2 3
github.com/garnizeh/moolah/internal/platform/repository/account_repo.go:147.16,149.3 1 1
github.com/garnizeh/moolah/internal/platform/repository/account_repo.go:151.2,151.12 1 2
github.com/garnizeh/moolah/internal/platform/repository/account_repo.go:155.51,168.2 1 26
github.com/garnizeh/moolah/internal/platform/repository/admin_repo.go:21.76,23.2 1 15
github.com/garnizeh/moolah/internal/platform/repository/admin_repo.go:26.99,28.16 2 3
github.com/garnizeh/moolah/internal/platform/repository/admin_repo.go:28.16,30.3 1 1
github.com/garnizeh/moolah/internal/platform/repository/admin_repo.go:32.2,33.28 2 2
github.com/garnizeh/moolah/internal/platform/repository/admin_repo.go:33.28,35.3 1 3
github.com/garnizeh/moolah/internal/platform/repository/admin_repo.go:36.2,36.20 1 2
github.com/garnizeh/moolah/internal/platform/repository/admin_repo.go:40.91,42.16 2 5
github.com/garnizeh/moolah/internal/platform/repository/admin_repo.go:42.16,44.3 1 3
github.com/garnizeh/moolah/internal/platform/repository/admin_repo.go:45.2,45.26 1 2
github.com/garnizeh/moolah/internal/platform/repository/admin_repo.go:49.118,55.16 3 4
github.com/garnizeh/moolah/internal/platform/repository/admin_repo.go:55.16,57.3 1 2
github.com/garnizeh/moolah/internal/platform/repository/admin_repo.go:58.2,58.26 1 2
github.com/garnizeh/moolah/internal/platform/repository/admin_repo.go:62.73,64.16 2 3
github.com/garnizeh/moolah/internal/platform/repository/admin_repo.go:64.16,66.3 1 1
github.com/garnizeh/moolah/internal/platform/repository/admin_repo.go:67.2,67.12 1 2
github.com/garnizeh/moolah/internal/platform/repository/admin_repo.go:71.73,73.16 2 3
github.com/garnizeh/moolah/internal/platform/repository/admin_repo.go:73.16,75.3 1 1
github.com/garnizeh/moolah/internal/platform/repository/admin_repo.go:76.2,76.12 1 2
github.com/garnizeh/moolah/internal/platform/repository/admin_repo.go:80.76,82.16 2 3
github.com/garnizeh/moolah/internal/platform/repository/admin_repo.go:82.16,84.3 1 1
github.com/garnizeh/moolah/internal/platform/repository/admin_repo.go:85.2,85.12 1 2
github.com/garnizeh/moolah/internal/platform/repository/admin_repo.go:94.72,96.2 1 8
github.com/garnizeh/moolah/internal/platform/repository/admin_repo.go:99.77,101.16 2 4
github.com/garnizeh/moolah/internal/platform/repository/admin_repo.go:101.16,103.3 1 1
github.com/garnizeh/moolah/internal/platform/repository/admin_repo.go:105.2,106.26 2 3
github.com/garnizeh/moolah/internal/platform/repository/admin_repo.go:106.26,108.3 1 4
github.com/garnizeh/moolah/internal/platform/repository/admin_repo.go:109.2,109.20 1 3
github.com/garnizeh/moolah/internal/platform/repository/admin_repo.go:113.87,115.16 2 3
github.com/garnizeh/moolah/internal/platform/repository/admin_repo.go:115.16,117.3 1 2
github.com/garnizeh/moolah/internal/platform/repository/admin_repo.go:118.2,118.24 1 1
github.com/garnizeh/moolah/internal/platform/repository/admin_repo.go:122.75,124.16 2 3
github.com/garnizeh/moolah/internal/platform/repository/admin_repo.go:124.16,126.3 1 1
github.com/garnizeh/moolah/internal/platform/repository/admin_repo.go:127.2,127.12 1 2
github.com/garnizeh/moolah/internal/platform/repository/admin_repo.go:136.74,138.2 1 2
github.com/garnizeh/moolah/internal/platform/repository/admin_repo.go:141.117,148.29 2 2
github.com/garnizeh/moolah/internal/platform/repository/admin_repo.go:148.29,150.3 1 1
github.com/garnizeh/moolah/internal/platform/repository/admin_repo.go:151.2,151.27 1 2
github.com/garnizeh/moolah/internal/platform/repository/admin_repo.go:151.27,153.3 1 1
github.com/garnizeh/moolah/internal/platform/repository/admin_repo.go:154.2,154.25 1 2
github.com/garnizeh/moolah/internal/platform/repository/admin_repo.go:154.25,156.3 1 1
github.com/garnizeh/moolah/internal/platform/repository/admin_repo.go:157.2,157.29 1 2
github.com/garnizeh/moolah/internal/platform/repository/admin_repo.go:157.29,159.3 1 1
github.com/garnizeh/moolah/internal/platform/repository/admin_repo.go:160.2,160.27 1 2
github.com/garnizeh/moolah/internal/platform/repository/admin_repo.go:160.27,162.3 1 1
github.com/garnizeh/moolah/internal/platform/repository/admin_repo.go:164.2,165.16 2 2
github.com/garnizeh/moolah/internal/platform/repository/admin_repo.go:165.16,167.3 1 1
github.com/garnizeh/moolah/internal/platform/repository/admin_repo.go:169.2,170.25 2 1
github.com/garnizeh/moolah/internal/platform/repository/admin_repo.go:170.25,172.3 1 1
github.com/garnizeh/moolah/internal/platform/repository/admin_repo.go:173.2,173.20 1 1
github.com/garnizeh/moolah/internal/platform/repository/admin_repo.go:177.46,179.23 2 7
github.com/garnizeh/moolah/internal/platform/repository/admin_repo.go:179.23,181.3 1 2
github.com/garnizeh/moolah/internal/platform/repository/admin_repo.go:183.2,190.3 1 7
github.com/garnizeh/moolah/internal/platform/repository/admin_repo.go:194.40,196.23 2 5
github.com/garnizeh/moolah/internal/platform/repository/admin_repo.go:196.23,198.3 1 1
github.com/garnizeh/moolah/internal/platform/repository/admin_repo.go:200.2,201.25 2 5
github.com/garnizeh/moolah/internal/platform/repository/admin_repo.go:201.25,203.3 1 1
github.com/garnizeh/moolah/internal/platform/repository/admin_repo.go:205.2,215.3 1 5
github.com/garnizeh/moolah/internal/platform/repository/admin_repo.go:219.52,221.24 2 1
github.com/garnizeh/moolah/internal/platform/repository/admin_repo.go:221.24,223.3 1 1
github.com/garnizeh/moolah/internal/platform/repository/admin_repo.go:225.2,238.3 1 1
github.com/garnizeh/moolah/internal/platform/repository/asset_repo.go:20.52,22.2 1 15
github.com/garnizeh/moolah/internal/platform/repository/asset_repo.go:25.103,35.16 2 10
github.com/garnizeh/moolah/internal/platform/repository/asset_repo.go:35.16,37.3 1 1
github.com/garnizeh/moolah/internal/platform/repository/asset_repo.go:39.2,39.27 1 9
github.com/garnizeh/moolah/internal/platform/repository/asset_repo.go:43.84,45.16 2 6
github.com/garnizeh/moolah/internal/platform/repository/asset_repo.go:45.16,46.36 1 4
github.com/garnizeh/moolah/internal/platform/repository/asset_repo.go:46.36,48.4 1 3
github.com/garnizeh/moolah/internal/platform/repository/asset_repo.go:49.3,49.63 1 1
github.com/garnizeh/moolah/internal/platform/repository/asset_repo.go:52.2,52.27 1 2
github.com/garnizeh/moolah/internal/platform/repository/asset_repo.go:56.92,58.16 2 5
github.com/garnizeh/moolah/internal/platform/repository/asset_repo.go:58.16,59.36 1 3
github.com/garnizeh/moolah/internal/platform/repository/asset_repo.go:59.36,61.4 1 2
github.com/garnizeh/moolah/internal/platform/repository/asset_repo.go:62.3,62.67 1 1
github.com/garnizeh/moolah/internal/platform/repository/asset_repo.go:65.2,65.27 1 2
github.com/garnizeh/moolah/internal/platform/repository/asset_repo.go:71.103,76.16 2 3
github.com/garnizeh/moolah/internal/platform/repository/asset_repo.go:76.16,78.3 1 1
github.com/garnizeh/moolah/internal/platform/repository/asset_repo.go:80.2,81.27 2 2
github.com/garnizeh/moolah/internal/platform/repository/asset_repo.go:81.27,83.3 1 5
github.com/garnizeh/moolah/internal/platform/repository/asset_repo.go:85.2,85.20 1 2
github.com/garnizeh/moolah/internal/platform/repository/asset_repo.go:89.66,91.16 2 3
github.com/garnizeh/moolah/internal/platform/repository/asset_repo.go:91.16,93.3 1 1
github.com/garnizeh/moolah/internal/platform/repository/asset_repo.go:94.2,94.12 1 2
github.com/garnizeh/moolah/internal/platform/repository/asset_repo.go:98.45,109.2 1 18
github.com/garnizeh/moolah/internal/platform/repository/asset_repo.go:112.81,115.2 1 1
github.com/garnizeh/moolah/internal/platform/repository/asset_repo.go:118.111,123.16 2 0
github.com/garnizeh/moolah/internal/platform/repository/asset_repo.go:123.16,124.36 1 0
github.com/garnizeh/moolah/internal/platform/repository/asset_repo.go:124.36,126.4 1 0
github.com/garnizeh/moolah/internal/platform/repository/asset_repo.go:127.3,127.76 1 0
github.com/garnizeh/moolah/internal/platform/repository/asset_repo.go:130.2,139.8 1 0
github.com/garnizeh/moolah/internal/platform/repository/audit_repo.go:20.64,22.2 1 8
github.com/garnizeh/moolah/internal/platform/repository/audit_repo.go:25.109,39.26 3 4
github.com/garnizeh/moolah/internal/platform/repository/audit_repo.go:39.26,41.3 1 3
github.com/garnizeh/moolah/internal/platform/repository/audit_repo.go:43.2,43.27 1 4
github.com/garnizeh/moolah/internal/platform/repository/audit_repo.go:43.27,45.3 1 2
github.com/garnizeh/moolah/internal/platform/repository/audit_repo.go:47.2,47.27 1 4
github.com/garnizeh/moolah/internal/platform/repository/audit_repo.go:47.27,49.17 2 2
github.com/garnizeh/moolah/internal/platform/repository/audit_repo.go:49.17,51.4 1 2
github.com/garnizeh/moolah/internal/platform/repository/audit_repo.go:54.2,55.16 2 4
github.com/garnizeh/moolah/internal/platform/repository/audit_repo.go:55.16,57.3 1 1
github.com/garnizeh/moolah/internal/platform/repository/audit_repo.go:59.2,59.32 1 3
github.com/garnizeh/moolah/internal/platform/repository/audit_repo.go:63.134,65.16 2 4
github.com/garnizeh/moolah/internal/platform/repository/audit_repo.go:65.16,67.3 1 3
github.com/garnizeh/moolah/internal/platform/repository/audit_repo.go:74.2,81.16 3 4
github.com/garnizeh/moolah/internal/platform/repository/audit_repo.go:81.16,83.3 1 1
github.com/garnizeh/moolah/internal/platform/repository/audit_repo.go:85.2,86.27 2 3
github.com/garnizeh/moolah/internal/platform/repository/audit_repo.go:86.27,88.3 1 3
github.com/garnizeh/moolah/internal/platform/repository/audit_repo.go:90.2,90.18 1 3
github.com/garnizeh/moolah/internal/platform/repository/audit_repo.go:94.121,102.16 3 4
github.com/garnizeh/moolah/internal/platform/repository/audit_repo.go:102.16,104.3 1 2
github.com/garnizeh/moolah/internal/platform/repository/audit_repo.go:106.2,107.27 2 2
github.com/garnizeh/moolah/internal/platform/repository/audit_repo.go:107.27,109.3 1 2
github.com/garnizeh/moolah/internal/platform/repository/audit_repo.go:111.2,111.18 1 2
github.com/garnizeh/moolah/internal/platform/repository/audit_repo.go:115.69,128.24 2 8
github.com/garnizeh/moolah/internal/platform/repository/audit_repo.go:128.24,130.3 1 6
github.com/garnizeh/moolah/internal/platform/repository/audit_repo.go:132.2,132.25 1 8
github.com/garnizeh/moolah/internal/platform/repository/audit_repo.go:132.25,134.3 1 3
github.com/garnizeh/moolah/internal/platform/repository/audit_repo.go:136.2,136.26 1 8
github.com/garnizeh/moolah/internal/platform/repository/audit_repo.go:136.26,138.3 1 3
github.com/garnizeh/moolah/internal/platform/repository/audit_repo.go:140.2,140.12 1 8
github.com/garnizeh/moolah/internal/platform/repository/auth_repo.go:20.62,22.2 1 11
github.com/garnizeh/moolah/internal/platform/repository/auth_repo.go:25.122,38.16 3 6
github.com/garnizeh/moolah/internal/platform/repository/auth_repo.go:38.16,40.3 1 1
github.com/garnizeh/moolah/internal/platform/repository/auth_repo.go:42.2,42.32 1 5
github.com/garnizeh/moolah/internal/platform/repository/auth_repo.go:46.103,48.16 2 7
github.com/garnizeh/moolah/internal/platform/repository/auth_repo.go:48.16,50.41 2 4
github.com/garnizeh/moolah/internal/platform/repository/auth_repo.go:50.41,52.4 1 3
github.com/garnizeh/moolah/internal/platform/repository/auth_repo.go:53.3,53.70 1 1
github.com/garnizeh/moolah/internal/platform/repository/auth_repo.go:56.2,56.32 1 3
github.com/garnizeh/moolah/internal/platform/repository/auth_repo.go:60.70,62.16 2 4
github.com/garnizeh/moolah/internal/platform/repository/auth_repo.go:62.16,64.41 2 2
github.com/garnizeh/moolah/internal/platform/repository/auth_repo.go:64.41,66.4 1 1
github.com/garnizeh/moolah/internal/platform/repository/auth_repo.go:67.3,67.59 1 1
github.com/garnizeh/moolah/internal/platform/repository/auth_repo.go:69.2,69.12 1 2
github.com/garnizeh/moolah/internal/platform/repository/auth_repo.go:73.72,75.16 2 3
github.com/garnizeh/moolah/internal/platform/repository/auth_repo.go:75.16,77.3 1 1
github.com/garnizeh/moolah/internal/platform/repository/auth_repo.go:78.2,78.12 1 2
github.com/garnizeh/moolah/internal/platform/repository/auth_repo.go:82.72,91.2 1 8
github.com/garnizeh/moolah/internal/platform/repository/category_repo.go:19.70,21.2 1 22
github.com/garnizeh/moolah/internal/platform/repository/category_repo.go:24.129,26.26 2 11
github.com/garnizeh/moolah/internal/platform/repository/category_repo.go:26.26,28.3 1 3
github.com/garnizeh/moolah/internal/platform/repository/category_repo.go:30.2,41.16 3 11
github.com/garnizeh/moolah/internal/platform/repository/category_repo.go:41.16,43.3 1 2
github.com/garnizeh/moolah/internal/platform/repository/category_repo.go:45.2,45.30 1 9
github.com/garnizeh/moolah/internal/platform/repository/category_repo.go:49.100,54.16 2 6
github.com/garnizeh/moolah/internal/platform/repository/category_repo.go:54.16,56.3 1 4
github.com/garnizeh/moolah/internal/platform/repository/category_repo.go:58.2,58.30 1 2
github.com/garnizeh/moolah/internal/platform/repository/category_repo.go:62.102,64.16 2 3
github.com/garnizeh/moolah/internal/platform/repository/category_repo.go:64.16,66.3 1 1
github.com/garnizeh/moolah/internal/platform/repository/category_repo.go:68.2,69.27 2 2
github.com/garnizeh/moolah/internal/platform/repository/category_repo.go:69.27,71.3 1 6
github.com/garnizeh/moolah/internal/platform/repository/category_repo.go:73.2,73.24 1 2
github.com/garnizeh/moolah/internal/platform/repository/category_repo.go:77.112,82.16 2 3
github.com/garnizeh/moolah/internal/platform/repository/category_repo.go:82.16,84.3 1 1
github.com/garnizeh/moolah/internal/platform/repository/category_repo.go:86.2,87.27 2 2
github.com/garnizeh/moolah/internal/platform/repository/category_repo.go:87.27,89.3 1 2
github.com/garnizeh/moolah/internal/platform/repository/category_repo.go:91.2,91.24 1 2
github.com/garnizeh/moolah/internal/platform/repository/category_repo.go:95.133,101.16 2 9
github.com/garnizeh/moolah/internal/platform/repository/category_repo.go:101.16,103.3 1 2
github.com/garnizeh/moolah/internal/platform/repository/category_repo.go:105.2,106.23 2 7
github.com/garnizeh/moolah/internal/platform/repository/category_repo.go:106.23,108.3 1 5
github.com/garnizeh/moolah/internal/platform/repository/category_repo.go:110.2,111.23 2 7
github.com/garnizeh/moolah/internal/platform/repository/category_repo.go:111.23,113.3 1 3
github.com/garnizeh/moolah/internal/platform/repository/category_repo.go:115.2,116.24 2 7
github.com/garnizeh/moolah/internal/platform/repository/category_repo.go:116.24,118.3 1 1
github.com/garnizeh/moolah/internal/platform/repository/category_repo.go:120.2,129.16 2 7
github.com/garnizeh/moolah/internal/platform/repository/category_repo.go:129.16,131.3 1 2
github.com/garnizeh/moolah/internal/platform/repository/category_repo.go:133.2,133.30 1 5
github.com/garnizeh/moolah/internal/platform/repository/category_repo.go:137.79,142.16 2 3
github.com/garnizeh/moolah/internal/platform/repository/category_repo.go:142.16,144.3 1 1
github.com/garnizeh/moolah/internal/platform/repository/category_repo.go:146.2,146.12 1 2
github.com/garnizeh/moolah/internal/platform/repository/category_repo.go:150.54,152.24 2 24
github.com/garnizeh/moolah/internal/platform/repository/category_repo.go:152.24,154.3 1 5
github.com/garnizeh/moolah/internal/platform/repository/category_repo.go:156.2,167.3 1 24
github.com/garnizeh/moolah/internal/platform/repository/master_purchase_repo.go:20.82,22.2 1 16
github.com/garnizeh/moolah/internal/platform/repository/master_purchase_repo.go:25.147,44.16 4 2
github.com/garnizeh/moolah/internal/platform/repository/master_purchase_repo.go:44.16,46.3 1 1
github.com/garnizeh/moolah/internal/platform/repository/master_purchase_repo.go:48.2,48.32 1 1
github.com/garnizeh/moolah/internal/platform/repository/master_purchase_repo.go:53.112,58.16 2 2
github.com/garnizeh/moolah/internal/platform/repository/master_purchase_repo.go:58.16,60.3 1 1
github.com/garnizeh/moolah/internal/platform/repository/master_purchase_repo.go:62.2,62.32 1 1
github.com/garnizeh/moolah/internal/platform/repository/master_purchase_repo.go:66.114,68.16 2 2
github.com/garnizeh/moolah/internal/platform/repository/master_purchase_repo.go:68.16,70.3 1 1
github.com/garnizeh/moolah/internal/platform/repository/master_purchase_repo.go:72.2,73.27 2 1
github.com/garnizeh/moolah/internal/platform/repository/master_purchase_repo.go:73.27,75.3 1 2
github.com/garnizeh/moolah/internal/platform/repository/master_purchase_repo.go:77.2,77.23 1 1
github.com/garnizeh/moolah/internal/platform/repository/master_purchase_repo.go:81.126,86.16 2 2
github.com/garnizeh/moolah/internal/platform/repository/master_purchase_repo.go:86.16,88.3 1 1
github.com/garnizeh/moolah/internal/platform/repository/master_purchase_repo.go:90.2,91.27 2 1
github.com/garnizeh/moolah/internal/platform/repository/master_purchase_repo.go:91.27,93.3 1 1
github.com/garnizeh/moolah/internal/platform/repository/master_purchase_repo.go:95.2,95.23 1 1
github.com/garnizeh/moolah/internal/platform/repository/master_purchase_repo.go:99.140,105.16 2 2
github.com/garnizeh/moolah/internal/platform/repository/master_purchase_repo.go:105.16,107.3 1 1
github.com/garnizeh/moolah/internal/platform/repository/master_purchase_repo.go:109.2,110.27 2 1
github.com/garnizeh/moolah/internal/platform/repository/master_purchase_repo.go:110.27,112.3 1 1
github.com/garnizeh/moolah/internal/platform/repository/master_purchase_repo.go:114.2,114.23 1 1
github.com/garnizeh/moolah/internal/platform/repository/master_purchase_repo.go:118.151,124.29 2 2
github.com/garnizeh/moolah/internal/platform/repository/master_purchase_repo.go:124.29,126.3 1 1
github.com/garnizeh/moolah/internal/platform/repository/master_purchase_repo.go:127.2,127.30 1 2
github.com/garnizeh/moolah/internal/platform/repository/master_purchase_repo.go:127.30,129.3 1 1
github.com/garnizeh/moolah/internal/platform/repository/master_purchase_repo.go:131.2,132.16 2 2
github.com/garnizeh/moolah/internal/platform/repository/master_purchase_repo.go:132.16,134.3 1 1
github.com/garnizeh/moolah/internal/platform/repository/master_purchase_repo.go:136.2,136.32 1 1
github.com/garnizeh/moolah/internal/platform/repository/master_purchase_repo.go:140.104,145.16 2 2
github.com/garnizeh/moolah/internal/platform/repository/master_purchase_repo.go:145.16,147.3 1 1
github.com/garnizeh/moolah/internal/platform/repository/master_purchase_repo.go:149.2,149.12 1 1
github.com/garnizeh/moolah/internal/platform/repository/master_purchase_repo.go:153.85,158.16 2 2
github.com/garnizeh/moolah/internal/platform/repository/master_purchase_repo.go:158.16,160.3 1 1
github.com/garnizeh/moolah/internal/platform/repository/master_purchase_repo.go:162.2,162.12 1 1
github.com/garnizeh/moolah/internal/platform/repository/master_purchase_repo.go:166.90,183.2 1 7
github.com/garnizeh/moolah/internal/platform/repository/portfolio_snapshot_repository.go:22.82,24.2 1 7
github.com/garnizeh/moolah/internal/platform/repository/portfolio_snapshot_repository.go:27.159,38.16 3 4
github.com/garnizeh/moolah/internal/platform/repository/portfolio_snapshot_repository.go:38.16,40.3 1 1
github.com/garnizeh/moolah/internal/platform/repository/portfolio_snapshot_repository.go:42.2,42.33 1 3
github.com/garnizeh/moolah/internal/platform/repository/portfolio_snapshot_repository.go:46.138,51.16 2 3
github.com/garnizeh/moolah/internal/platform/repository/portfolio_snapshot_repository.go:51.16,53.3 1 1
github.com/garnizeh/moolah/internal/platform/repository/portfolio_snapshot_repository.go:55.2,55.33 1 2
github.com/garnizeh/moolah/internal/platform/repository/portfolio_snapshot_repository.go:59.126,61.16 2 3
github.com/garnizeh/moolah/internal/platform/repository/portfolio_snapshot_repository.go:61.16,63.3 1 1
github.com/garnizeh/moolah/internal/platform/repository/portfolio_snapshot_repository.go:65.2,65.38 1 2
github.com/garnizeh/moolah/internal/platform/repository/portfolio_snapshot_repository.go:69.103,77.2 1 8
github.com/garnizeh/moolah/internal/platform/repository/portfolio_snapshot_repository.go:80.114,82.25 2 2
github.com/garnizeh/moolah/internal/platform/repository/portfolio_snapshot_repository.go:82.25,84.3 1 3
github.com/garnizeh/moolah/internal/platform/repository/portfolio_snapshot_repository.go:85.2,85.12 1 2
github.com/garnizeh/moolah/internal/platform/repository/position_income_event_repository.go:22.86,24.2 1 14
github.com/garnizeh/moolah/internal/platform/repository/position_income_event_repository.go:27.165,40.16 3 5
github.com/garnizeh/moolah/internal/platform/repository/position_income_event_repository.go:40.16,42.3 1 1
github.com/garnizeh/moolah/internal/platform/repository/position_income_event_repository.go:44.2,44.34 1 4
github.com/garnizeh/moolah/internal/platform/repository/position_income_event_repository.go:48.128,53.16 2 3
github.com/garnizeh/moolah/internal/platform/repository/position_income_event_repository.go:53.16,55.3 1 1
github.com/garnizeh/moolah/internal/platform/repository/position_income_event_repository.go:57.2,57.34 1 2
github.com/garnizeh/moolah/internal/platform/repository/position_income_event_repository.go:61.130,63.16 2 3
github.com/garnizeh/moolah/internal/platform/repository/position_income_event_repository.go:63.16,65.3 1 1
github.com/garnizeh/moolah/internal/platform/repository/position_income_event_repository.go:67.2,67.38 1 2
github.com/garnizeh/moolah/internal/platform/repository/position_income_event_repository.go:71.129,73.16 2 3
github.com/garnizeh/moolah/internal/platform/repository/position_income_event_repository.go:73.16,75.3 1 1
github.com/garnizeh/moolah/internal/platform/repository/position_income_event_repository.go:77.2,77.38 1 2
github.com/garnizeh/moolah/internal/platform/repository/position_income_event_repository.go:86.40,92.16 2 7
github.com/garnizeh/moolah/internal/platform/repository/position_income_event_repository.go:92.16,94.3 1 1
github.com/garnizeh/moolah/internal/platform/repository/position_income_event_repository.go:97.2,97.49 1 6
github.com/garnizeh/moolah/internal/platform/repository/position_income_event_repository.go:97.49,99.3 1 2
github.com/garnizeh/moolah/internal/platform/repository/position_income_event_repository.go:102.2,108.16 2 4
github.com/garnizeh/moolah/internal/platform/repository/position_income_event_repository.go:108.16,110.3 1 1
github.com/garnizeh/moolah/internal/platform/repository/position_income_event_repository.go:112.2,112.34 1 3
github.com/garnizeh/moolah/internal/platform/repository/position_income_event_repository.go:116.109,129.2 1 14
github.com/garnizeh/moolah/internal/platform/repository/position_income_event_repository.go:132.120,134.25 2 4
github.com/garnizeh/moolah/internal/platform/repository/position_income_event_repository.go:134.25,136.3 1 5
github.com/garnizeh/moolah/internal/platform/repository/position_income_event_repository.go:137.2,137.12 1 4
github.com/garnizeh/moolah/internal/platform/repository/position_repository.go:22.64,24.2 1 18
github.com/garnizeh/moolah/internal/platform/repository/position_repository.go:27.132,47.16 3 10
github.com/garnizeh/moolah/internal/platform/repository/position_repository.go:47.16,49.3 1 1
github.com/garnizeh/moolah/internal/platform/repository/position_repository.go:51.2,51.30 1 9
github.com/garnizeh/moolah/internal/platform/repository/position_repository.go:55.106,60.16 2 4
github.com/garnizeh/moolah/internal/platform/repository/position_repository.go:60.16,62.3 1 2
github.com/garnizeh/moolah/internal/platform/repository/position_repository.go:64.2,64.30 1 2
github.com/garnizeh/moolah/internal/platform/repository/position_repository.go:68.108,70.16 2 3
github.com/garnizeh/moolah/internal/platform/repository/position_repository.go:70.16,72.3 1 1
github.com/garnizeh/moolah/internal/platform/repository/position_repository.go:74.2,74.38 1 2
github.com/garnizeh/moolah/internal/platform/repository/position_repository.go:78.120,83.16 2 3
github.com/garnizeh/moolah/internal/platform/repository/position_repository.go:83.16,85.3 1 1
github.com/garnizeh/moolah/internal/platform/repository/position_repository.go:87.2,87.38 1 2
github.com/garnizeh/moolah/internal/platform/repository/position_repository.go:91.110,93.16 2 3
github.com/garnizeh/moolah/internal/platform/repository/position_repository.go:93.16,95.3 1 1
github.com/garnizeh/moolah/internal/platform/repository/position_repository.go:97.2,97.38 1 2
github.com/garnizeh/moolah/internal/platform/repository/position_repository.go:101.136,104.16 2 4
github.com/garnizeh/moolah/internal/platform/repository/position_repository.go:104.16,106.3 1 1
github.com/garnizeh/moolah/internal/platform/repository/position_repository.go:108.2,123.16 3 3
github.com/garnizeh/moolah/internal/platform/repository/position_repository.go:123.16,125.3 1 1
github.com/garnizeh/moolah/internal/platform/repository/position_repository.go:127.2,127.30 1 2
github.com/garnizeh/moolah/internal/platform/repository/position_repository.go:131.85,136.16 2 3
github.com/garnizeh/moolah/internal/platform/repository/position_repository.go:136.16,138.3 1 1
github.com/garnizeh/moolah/internal/platform/repository/position_repository.go:139.2,139.12 1 2
github.com/garnizeh/moolah/internal/platform/repository/position_repository.go:143.76,164.2 1 24
github.com/garnizeh/moolah/internal/platform/repository/position_repository.go:167.87,169.25 2 6
github.com/garnizeh/moolah/internal/platform/repository/position_repository.go:169.25,171.3 1 11
github.com/garnizeh/moolah/internal/platform/repository/position_repository.go:172.2,172.12 1 6
github.com/garnizeh/moolah/internal/platform/repository/position_snapshot_repository.go:22.80,24.2 1 7
github.com/garnizeh/moolah/internal/platform/repository/position_snapshot_repository.go:27.156,40.16 3 4
github.com/garnizeh/moolah/internal/platform/repository/position_snapshot_repository.go:40.16,42.3 1 1
github.com/garnizeh/moolah/internal/platform/repository/position_snapshot_repository.go:44.2,44.33 1 3
github.com/garnizeh/moolah/internal/platform/repository/position_snapshot_repository.go:48.138,53.16 2 3
github.com/garnizeh/moolah/internal/platform/repository/position_snapshot_repository.go:53.16,55.3 1 1
github.com/garnizeh/moolah/internal/platform/repository/position_snapshot_repository.go:57.2,57.38 1 2
github.com/garnizeh/moolah/internal/platform/repository/position_snapshot_repository.go:61.146,66.16 2 3
github.com/garnizeh/moolah/internal/platform/repository/position_snapshot_repository.go:66.16,68.3 1 1
github.com/garnizeh/moolah/internal/platform/repository/position_snapshot_repository.go:70.2,70.38 1 2
github.com/garnizeh/moolah/internal/platform/repository/position_snapshot_repository.go:74.100,85.2 1 8
github.com/garnizeh/moolah/internal/platform/repository/position_snapshot_repository.go:88.111,90.25 2 4
github.com/garnizeh/moolah/internal/platform/repository/position_snapshot_repository.go:90.25,92.3 1 5
github.com/garnizeh/moolah/internal/platform/repository/position_snapshot_repository.go:93.2,93.12 1 4
github.com/garnizeh/moolah/internal/platform/repository/repository.go:16.38,17.16 1 103
github.com/garnizeh/moolah/internal/platform/repository/repository.go:17.16,19.3 1 1
github.com/garnizeh/moolah/internal/platform/repository/repository.go:21.2,21.35 1 102
github.com/garnizeh/moolah/internal/platform/repository/repository.go:21.35,23.3 1 49
github.com/garnizeh/moolah/internal/platform/repository/repository.go:25.2,25.58 1 53
github.com/garnizeh/moolah/internal/platform/repository/repository.go:25.58,26.21 1 13
github.com/garnizeh/moolah/internal/platform/repository/repository.go:27.16,28.29 1 10
github.com/garnizeh/moolah/internal/platform/repository/repository.go:29.16,30.29 1 2
github.com/garnizeh/moolah/internal/platform/repository/repository.go:34.2,34.12 1 41
github.com/garnizeh/moolah/internal/platform/repository/repository.go:38.48,39.14 1 16
github.com/garnizeh/moolah/internal/platform/repository/repository.go:39.14,41.3 1 15
github.com/garnizeh/moolah/internal/platform/repository/repository.go:42.2,42.16 1 1
github.com/garnizeh/moolah/internal/platform/repository/repository.go:46.36,47.14 1 46
github.com/garnizeh/moolah/internal/platform/repository/repository.go:47.14,49.3 1 31
github.com/garnizeh/moolah/internal/platform/repository/repository.go:50.2,50.45 1 15
github.com/garnizeh/moolah/internal/platform/repository/repository.go:54.38,55.14 1 80
github.com/garnizeh/moolah/internal/platform/repository/repository.go:55.14,57.3 1 51
github.com/garnizeh/moolah/internal/platform/repository/repository.go:58.2,59.11 2 29
github.com/garnizeh/moolah/internal/platform/repository/repository.go:63.37,64.16 1 22
github.com/garnizeh/moolah/internal/platform/repository/repository.go:64.16,66.3 1 20
github.com/garnizeh/moolah/internal/platform/repository/repository.go:68.2,69.48 2 2
github.com/garnizeh/moolah/internal/platform/repository/repository.go:69.48,71.3 1 0
github.com/garnizeh/moolah/internal/platform/repository/repository.go:73.2,73.52 1 2
github.com/garnizeh/moolah/internal/platform/repository/repository.go:77.41,78.16 1 12
github.com/garnizeh/moolah/internal/platform/repository/repository.go:78.16,80.3 1 10
github.com/garnizeh/moolah/internal/platform/repository/repository.go:81.2,81.46 1 2
github.com/garnizeh/moolah/internal/platform/repository/repository.go:85.59,86.16 1 8
github.com/garnizeh/moolah/internal/platform/repository/repository.go:86.16,88.3 1 6
github.com/garnizeh/moolah/internal/platform/repository/repository.go:90.2,91.48 2 2
github.com/garnizeh/moolah/internal/platform/repository/repository.go:91.48,93.3 1 0
github.com/garnizeh/moolah/internal/platform/repository/repository.go:95.2,95.52 1 2
github.com/garnizeh/moolah/internal/platform/repository/repository.go:99.61,100.16 1 5
github.com/garnizeh/moolah/internal/platform/repository/repository.go:100.16,102.3 1 4
github.com/garnizeh/moolah/internal/platform/repository/repository.go:103.2,103.46 1 1
github.com/garnizeh/moolah/internal/platform/repository/repository.go:107.57,108.14 1 88
github.com/garnizeh/moolah/internal/platform/repository/repository.go:108.14,110.3 1 81
github.com/garnizeh/moolah/internal/platform/repository/repository.go:111.2,112.11 2 7
github.com/garnizeh/moolah/internal/platform/repository/repository.go:116.37,117.14 1 50
github.com/garnizeh/moolah/internal/platform/repository/repository.go:117.14,119.3 1 47
github.com/garnizeh/moolah/internal/platform/repository/repository.go:120.2,121.11 2 3
github.com/garnizeh/moolah/internal/platform/repository/repository.go:125.39,126.14 1 26
github.com/garnizeh/moolah/internal/platform/repository/repository.go:126.14,128.3 1 24
github.com/garnizeh/moolah/internal/platform/repository/repository.go:129.2,130.11 2 2
github.com/garnizeh/moolah/internal/platform/repository/repository.go:134.84,135.14 1 8
github.com/garnizeh/moolah/internal/platform/repository/repository.go:135.14,137.3 1 7
github.com/garnizeh/moolah/internal/platform/repository/repository.go:138.2,138.50 1 1
github.com/garnizeh/moolah/internal/platform/repository/repository.go:142.39,143.14 1 26
github.com/garnizeh/moolah/internal/platform/repository/repository.go:143.14,145.3 1 21
github.com/garnizeh/moolah/internal/platform/repository/repository.go:146.2,146.11 1 5
github.com/garnizeh/moolah/internal/platform/repository/repository.go:150.43,151.16 1 14
github.com/garnizeh/moolah/internal/platform/repository/repository.go:151.16,153.3 1 11
github.com/garnizeh/moolah/internal/platform/repository/repository.go:154.2,154.13 1 3
github.com/garnizeh/moolah/internal/platform/repository/tenant_asset_config_repository.go:20.82,22.2 1 10
github.com/garnizeh/moolah/internal/platform/repository/tenant_asset_config_repository.go:25.162,34.16 2 8
github.com/garnizeh/moolah/internal/platform/repository/tenant_asset_config_repository.go:34.16,36.3 1 1
github.com/garnizeh/moolah/internal/platform/repository/tenant_asset_config_repository.go:38.2,38.39 1 7
github.com/garnizeh/moolah/internal/platform/repository/tenant_asset_config_repository.go:43.134,48.16 2 7
github.com/garnizeh/moolah/internal/platform/repository/tenant_asset_config_repository.go:48.16,49.36 1 4
github.com/garnizeh/moolah/internal/platform/repository/tenant_asset_config_repository.go:49.36,51.4 1 3
github.com/garnizeh/moolah/internal/platform/repository/tenant_asset_config_repository.go:52.3,52.83 1 1
github.com/garnizeh/moolah/internal/platform/repository/tenant_asset_config_repository.go:55.2,55.39 1 3
github.com/garnizeh/moolah/internal/platform/repository/tenant_asset_config_repository.go:59.126,61.16 2 3
github.com/garnizeh/moolah/internal/platform/repository/tenant_asset_config_repository.go:61.16,63.3 1 1
github.com/garnizeh/moolah/internal/platform/repository/tenant_asset_config_repository.go:65.2,66.27 2 2
github.com/garnizeh/moolah/internal/platform/repository/tenant_asset_config_repository.go:66.27,68.3 1 4
github.com/garnizeh/moolah/internal/platform/repository/tenant_asset_config_repository.go:70.2,70.21 1 2
github.com/garnizeh/moolah/internal/platform/repository/tenant_asset_config_repository.go:74.99,79.16 2 3
github.com/garnizeh/moolah/internal/platform/repository/tenant_asset_config_repository.go:79.16,81.3 1 1
github.com/garnizeh/moolah/internal/platform/repository/tenant_asset_config_repository.go:82.2,82.12 1 2
github.com/garnizeh/moolah/internal/platform/repository/tenant_asset_config_repository.go:86.81,98.2 1 14
github.com/garnizeh/moolah/internal/platform/repository/tenant_repo.go:19.66,21.2 1 24
github.com/garnizeh/moolah/internal/platform/repository/tenant_repo.go:24.106,32.16 3 29
github.com/garnizeh/moolah/internal/platform/repository/tenant_repo.go:32.16,34.3 1 3
github.com/garnizeh/moolah/internal/platform/repository/tenant_repo.go:36.2,36.28 1 26
github.com/garnizeh/moolah/internal/platform/repository/tenant_repo.go:40.86,42.16 2 9
github.com/garnizeh/moolah/internal/platform/repository/tenant_repo.go:42.16,44.3 1 5
github.com/garnizeh/moolah/internal/platform/repository/tenant_repo.go:46.2,46.28 1 4
github.com/garnizeh/moolah/internal/platform/repository/tenant_repo.go:50.73,52.16 2 4
github.com/garnizeh/moolah/internal/platform/repository/tenant_repo.go:52.16,54.3 1 1
github.com/garnizeh/moolah/internal/platform/repository/tenant_repo.go:56.2,57.28 2 3
github.com/garnizeh/moolah/internal/platform/repository/tenant_repo.go:57.28,59.3 1 5
github.com/garnizeh/moolah/internal/platform/repository/tenant_repo.go:61.2,61.20 1 3
github.com/garnizeh/moolah/internal/platform/repository/tenant_repo.go:65.117,68.16 2 7
github.com/garnizeh/moolah/internal/platform/repository/tenant_repo.go:68.16,70.3 1 2
github.com/garnizeh/moolah/internal/platform/repository/tenant_repo.go:72.2,78.23 2 5
github.com/garnizeh/moolah/internal/platform/repository/tenant_repo.go:78.23,80.3 1 3
github.com/garnizeh/moolah/internal/platform/repository/tenant_repo.go:81.2,81.23 1 5
github.com/garnizeh/moolah/internal/platform/repository/tenant_repo.go:81.23,83.3 1 2
github.com/garnizeh/moolah/internal/platform/repository/tenant_repo.go:85.2,86.16 2 5
github.com/garnizeh/moolah/internal/platform/repository/tenant_repo.go:86.16,88.3 1 2
github.com/garnizeh/moolah/internal/platform/repository/tenant_repo.go:90.2,90.28 1 3
github.com/garnizeh/moolah/internal/platform/repository/tenant_repo.go:94.67,96.16 2 3
github.com/garnizeh/moolah/internal/platform/repository/tenant_repo.go:96.16,98.3 1 1
github.com/garnizeh/moolah/internal/platform/repository/tenant_repo.go:100.2,100.12 1 2
github.com/garnizeh/moolah/internal/platform/repository/tenant_repo.go:104.62,106.23 2 40
github.com/garnizeh/moolah/internal/platform/repository/tenant_repo.go:106.23,108.3 1 1
github.com/garnizeh/moolah/internal/platform/repository/tenant_repo.go:111.2,118.3 1 40
github.com/garnizeh/moolah/internal/platform/repository/transaction_repo.go:19.76,21.2 1 19
github.com/garnizeh/moolah/internal/platform/repository/transaction_repo.go:24.138,39.34 3 9
github.com/garnizeh/moolah/internal/platform/repository/transaction_repo.go:39.34,41.3 1 2
github.com/garnizeh/moolah/internal/platform/repository/transaction_repo.go:43.2,44.16 2 9
github.com/garnizeh/moolah/internal/platform/repository/transaction_repo.go:44.16,46.3 1 1
github.com/garnizeh/moolah/internal/platform/repository/transaction_repo.go:48.2,48.32 1 8
github.com/garnizeh/moolah/internal/platform/repository/transaction_repo.go:52.106,57.16 2 5
github.com/garnizeh/moolah/internal/platform/repository/transaction_repo.go:57.16,59.3 1 2
github.com/garnizeh/moolah/internal/platform/repository/transaction_repo.go:61.2,61.32 1 3
github.com/garnizeh/moolah/internal/platform/repository/transaction_repo.go:66.138,72.28 2 7
github.com/garnizeh/moolah/internal/platform/repository/transaction_repo.go:72.28,74.3 1 2
github.com/garnizeh/moolah/internal/platform/repository/transaction_repo.go:75.2,75.29 1 7
github.com/garnizeh/moolah/internal/platform/repository/transaction_repo.go:75.29,77.3 1 1
github.com/garnizeh/moolah/internal/platform/repository/transaction_repo.go:78.2,78.23 1 7
github.com/garnizeh/moolah/internal/platform/repository/transaction_repo.go:78.23,80.3 1 1
github.com/garnizeh/moolah/internal/platform/repository/transaction_repo.go:81.2,81.29 1 7
github.com/garnizeh/moolah/internal/platform/repository/transaction_repo.go:81.29,83.3 1 2
github.com/garnizeh/moolah/internal/platform/repository/transaction_repo.go:84.2,84.27 1 7
github.com/garnizeh/moolah/internal/platform/repository/transaction_repo.go:84.27,86.3 1 1
github.com/garnizeh/moolah/internal/platform/repository/transaction_repo.go:87.2,87.22 1 7
github.com/garnizeh/moolah/internal/platform/repository/transaction_repo.go:87.22,89.3 1 3
github.com/garnizeh/moolah/internal/platform/repository/transaction_repo.go:91.2,92.16 2 7
github.com/garnizeh/moolah/internal/platform/repository/transaction_repo.go:92.16,94.3 1 1
github.com/garnizeh/moolah/internal/platform/repository/transaction_repo.go:96.2,97.27 2 6
github.com/garnizeh/moolah/internal/platform/repository/transaction_repo.go:97.27,99.3 1 7
github.com/garnizeh/moolah/internal/platform/repository/transaction_repo.go:101.2,101.26 1 6
github.com/garnizeh/moolah/internal/platform/repository/transaction_repo.go:106.142,111.16 2 6
github.com/garnizeh/moolah/internal/platform/repository/transaction_repo.go:111.16,113.3 1 1
github.com/garnizeh/moolah/internal/platform/repository/transaction_repo.go:115.2,126.29 2 5
github.com/garnizeh/moolah/internal/platform/repository/transaction_repo.go:126.29,128.3 1 1
github.com/garnizeh/moolah/internal/platform/repository/transaction_repo.go:129.2,129.30 1 5
github.com/garnizeh/moolah/internal/platform/repository/transaction_repo.go:129.30,131.3 1 2
github.com/garnizeh/moolah/internal/platform/repository/transaction_repo.go:132.2,132.30 1 5
github.com/garnizeh/moolah/internal/platform/repository/transaction_repo.go:132.30,134.3 1 4
github.com/garnizeh/moolah/internal/platform/repository/transaction_repo.go:135.2,135.29 1 5
github.com/garnizeh/moolah/internal/platform/repository/transaction_repo.go:135.29,137.3 1 3
github.com/garnizeh/moolah/internal/platform/repository/transaction_repo.go:139.2,140.16 2 5
github.com/garnizeh/moolah/internal/platform/repository/transaction_repo.go:140.16,142.3 1 1
github.com/garnizeh/moolah/internal/platform/repository/transaction_repo.go:144.2,144.32 1 4
github.com/garnizeh/moolah/internal/platform/repository/transaction_repo.go:148.82,153.16 2 5
github.com/garnizeh/moolah/internal/platform/repository/transaction_repo.go:153.16,155.3 1 3
github.com/garnizeh/moolah/internal/platform/repository/transaction_repo.go:156.2,156.12 1 2
github.com/garnizeh/moolah/internal/platform/repository/transaction_repo.go:160.81,162.32 2 22
github.com/garnizeh/moolah/internal/platform/repository/transaction_repo.go:162.32,164.3 1 4
github.com/garnizeh/moolah/internal/platform/repository/transaction_repo.go:166.2,180.3 1 22
github.com/garnizeh/moolah/internal/platform/repository/user_repo.go:18.62,20.2 1 24
github.com/garnizeh/moolah/internal/platform/repository/user_repo.go:23.100,33.16 3 20
github.com/garnizeh/moolah/internal/platform/repository/user_repo.go:33.16,35.3 1 3
github.com/garnizeh/moolah/internal/platform/repository/user_repo.go:37.2,37.26 1 17
github.com/garnizeh/moolah/internal/platform/repository/user_repo.go:41.92,46.16 2 8
github.com/garnizeh/moolah/internal/platform/repository/user_repo.go:46.16,48.3 1 5
github.com/garnizeh/moolah/internal/platform/repository/user_repo.go:50.2,50.26 1 3
github.com/garnizeh/moolah/internal/platform/repository/user_repo.go:54.88,56.16 2 6
github.com/garnizeh/moolah/internal/platform/repository/user_repo.go:56.16,58.3 1 3
github.com/garnizeh/moolah/internal/platform/repository/user_repo.go:60.2,60.26 1 3
github.com/garnizeh/moolah/internal/platform/repository/user_repo.go:64.94,66.16 2 4
github.com/garnizeh/moolah/internal/platform/repository/user_repo.go:66.16,68.3 1 1
github.com/garnizeh/moolah/internal/platform/repository/user_repo.go:70.2,71.26 2 3
github.com/garnizeh/moolah/internal/platform/repository/user_repo.go:71.26,73.3 1 8
github.com/garnizeh/moolah/internal/platform/repository/user_repo.go:75.2,75.25 1 3
github.com/garnizeh/moolah/internal/platform/repository/user_repo.go:79.121,84.16 2 6
github.com/garnizeh/moolah/internal/platform/repository/user_repo.go:84.16,86.3 1 2
github.com/garnizeh/moolah/internal/platform/repository/user_repo.go:88.2,95.23 2 4
github.com/garnizeh/moolah/internal/platform/repository/user_repo.go:95.23,97.3 1 3
github.com/garnizeh/moolah/internal/platform/repository/user_repo.go:98.2,98.23 1 4
github.com/garnizeh/moolah/internal/platform/repository/user_repo.go:98.23,100.3 1 2
github.com/garnizeh/moolah/internal/platform/repository/user_repo.go:102.2,103.16 2 4
github.com/garnizeh/moolah/internal/platform/repository/user_repo.go:103.16,105.3 1 1
github.com/garnizeh/moolah/internal/platform/repository/user_repo.go:107.2,107.26 1 3
github.com/garnizeh/moolah/internal/platform/repository/user_repo.go:111.74,113.16 2 3
github.com/garnizeh/moolah/internal/platform/repository/user_repo.go:113.16,115.3 1 1
github.com/garnizeh/moolah/internal/platform/repository/user_repo.go:116.2,116.12 1 2
github.com/garnizeh/moolah/internal/platform/repository/user_repo.go:120.75,125.16 2 3
github.com/garnizeh/moolah/internal/platform/repository/user_repo.go:125.16,127.3 1 1
github.com/garnizeh/moolah/internal/platform/repository/user_repo.go:128.2,128.12 1 2
github.com/garnizeh/moolah/internal/platform/repository/user_repo.go:132.54,143.23 2 36
github.com/garnizeh/moolah/internal/platform/repository/user_repo.go:143.23,145.3 1 1
github.com/garnizeh/moolah/internal/platform/repository/user_repo.go:146.2,146.25 1 36
github.com/garnizeh/moolah/internal/platform/repository/user_repo.go:146.25,148.3 1 2
github.com/garnizeh/moolah/internal/platform/repository/user_repo.go:150.2,150.13 1 36
