mode: atomic
github.com/garnizeh/moolah/internal/ui/layout/base_templ.go:23.44,24.131 1 5
github.com/garnizeh/moolah/internal/ui/layout/base_templ.go:24.131,26.71 2 5
github.com/garnizeh/moolah/internal/ui/layout/base_templ.go:26.71,28.4 1 0
github.com/garnizeh/moolah/internal/ui/layout/base_templ.go:29.3,30.31 2 5
github.com/garnizeh/moolah/internal/ui/layout/base_templ.go:30.31,31.17 1 5
github.com/garnizeh/moolah/internal/ui/layout/base_templ.go:31.17,33.34 2 5
github.com/garnizeh/moolah/internal/ui/layout/base_templ.go:33.34,35.6 1 5
github.com/garnizeh/moolah/internal/ui/layout/base_templ.go:38.3,40.33 3 5
github.com/garnizeh/moolah/internal/ui/layout/base_templ.go:40.33,42.4 1 0
github.com/garnizeh/moolah/internal/ui/layout/base_templ.go:43.3,45.32 3 5
github.com/garnizeh/moolah/internal/ui/layout/base_templ.go:45.32,47.4 1 0
github.com/garnizeh/moolah/internal/ui/layout/base_templ.go:48.3,50.32 3 5
github.com/garnizeh/moolah/internal/ui/layout/base_templ.go:50.32,52.4 1 0
github.com/garnizeh/moolah/internal/ui/layout/base_templ.go:53.3,54.32 2 5
github.com/garnizeh/moolah/internal/ui/layout/base_templ.go:54.32,56.4 1 0
github.com/garnizeh/moolah/internal/ui/layout/base_templ.go:57.3,58.32 2 5
github.com/garnizeh/moolah/internal/ui/layout/base_templ.go:58.32,60.4 1 0
github.com/garnizeh/moolah/internal/ui/layout/base_templ.go:61.3,62.32 2 5
github.com/garnizeh/moolah/internal/ui/layout/base_templ.go:62.32,64.4 1 0
github.com/garnizeh/moolah/internal/ui/layout/base_templ.go:65.3,66.32 2 5
github.com/garnizeh/moolah/internal/ui/layout/base_templ.go:66.32,68.4 1 0
github.com/garnizeh/moolah/internal/ui/layout/base_templ.go:69.3,70.32 2 5
github.com/garnizeh/moolah/internal/ui/layout/base_templ.go:70.32,72.4 1 0
github.com/garnizeh/moolah/internal/ui/layout/base_templ.go:73.3,74.32 2 5
github.com/garnizeh/moolah/internal/ui/layout/base_templ.go:74.32,76.4 1 0
github.com/garnizeh/moolah/internal/ui/layout/base_templ.go:77.3,78.32 2 5
github.com/garnizeh/moolah/internal/ui/layout/base_templ.go:78.32,80.4 1 0
github.com/garnizeh/moolah/internal/ui/layout/base_templ.go:81.3,82.32 2 5
github.com/garnizeh/moolah/internal/ui/layout/base_templ.go:82.32,84.4 1 0
github.com/garnizeh/moolah/internal/ui/layout/base_templ.go:85.3,86.32 2 5
github.com/garnizeh/moolah/internal/ui/layout/base_templ.go:86.32,88.4 1 0
github.com/garnizeh/moolah/internal/ui/layout/base_templ.go:89.3,90.32 2 5
github.com/garnizeh/moolah/internal/ui/layout/base_templ.go:90.32,92.4 1 0
github.com/garnizeh/moolah/internal/ui/layout/base_templ.go:93.3,93.13 1 5
github.com/garnizeh/moolah/internal/ui/layout/base_templ.go:97.39,98.131 1 5
github.com/garnizeh/moolah/internal/ui/layout/base_templ.go:98.131,100.71 2 5
github.com/garnizeh/moolah/internal/ui/layout/base_templ.go:100.71,102.4 1 0
github.com/garnizeh/moolah/internal/ui/layout/base_templ.go:103.3,104.31 2 5
github.com/garnizeh/moolah/internal/ui/layout/base_templ.go:104.31,105.17 1 0
github.com/garnizeh/moolah/internal/ui/layout/base_templ.go:105.17,107.34 2 0
github.com/garnizeh/moolah/internal/ui/layout/base_templ.go:107.34,109.6 1 0
github.com/garnizeh/moolah/internal/ui/layout/base_templ.go:112.3,114.33 3 5
github.com/garnizeh/moolah/internal/ui/layout/base_templ.go:114.33,116.4 1 0
github.com/garnizeh/moolah/internal/ui/layout/base_templ.go:117.3,119.32 3 5
github.com/garnizeh/moolah/internal/ui/layout/base_templ.go:119.32,121.4 1 0
github.com/garnizeh/moolah/internal/ui/layout/base_templ.go:122.3,122.13 1 5
github.com/garnizeh/moolah/internal/ui/layout/sidebar_templ.go:17.61,18.131 1 43
github.com/garnizeh/moolah/internal/ui/layout/sidebar_templ.go:18.131,20.71 2 43
github.com/garnizeh/moolah/internal/ui/layout/sidebar_templ.go:20.71,22.4 1 0
github.com/garnizeh/moolah/internal/ui/layout/sidebar_templ.go:23.3,24.31 2 43
github.com/garnizeh/moolah/internal/ui/layout/sidebar_templ.go:24.31,25.17 1 0
github.com/garnizeh/moolah/internal/ui/layout/sidebar_templ.go:25.17,27.34 2 0
github.com/garnizeh/moolah/internal/ui/layout/sidebar_templ.go:27.34,29.6 1 0
github.com/garnizeh/moolah/internal/ui/layout/sidebar_templ.go:32.3,34.33 3 43
github.com/garnizeh/moolah/internal/ui/layout/sidebar_templ.go:34.33,36.4 1 0
github.com/garnizeh/moolah/internal/ui/layout/sidebar_templ.go:37.3,44.32 5 43
github.com/garnizeh/moolah/internal/ui/layout/sidebar_templ.go:44.32,46.4 1 0
github.com/garnizeh/moolah/internal/ui/layout/sidebar_templ.go:47.3,48.32 2 43
github.com/garnizeh/moolah/internal/ui/layout/sidebar_templ.go:48.32,50.4 1 0
github.com/garnizeh/moolah/internal/ui/layout/sidebar_templ.go:51.3,53.32 3 43
github.com/garnizeh/moolah/internal/ui/layout/sidebar_templ.go:53.32,55.4 1 0
github.com/garnizeh/moolah/internal/ui/layout/sidebar_templ.go:56.3,57.32 2 43
github.com/garnizeh/moolah/internal/ui/layout/sidebar_templ.go:57.32,59.4 1 0
github.com/garnizeh/moolah/internal/ui/layout/sidebar_templ.go:60.3,61.32 2 43
github.com/garnizeh/moolah/internal/ui/layout/sidebar_templ.go:61.32,63.4 1 0
github.com/garnizeh/moolah/internal/ui/layout/sidebar_templ.go:64.3,66.32 3 43
github.com/garnizeh/moolah/internal/ui/layout/sidebar_templ.go:66.32,68.4 1 0
github.com/garnizeh/moolah/internal/ui/layout/sidebar_templ.go:69.3,70.32 2 43
github.com/garnizeh/moolah/internal/ui/layout/sidebar_templ.go:70.32,72.4 1 0
github.com/garnizeh/moolah/internal/ui/layout/sidebar_templ.go:73.3,74.32 2 43
github.com/garnizeh/moolah/internal/ui/layout/sidebar_templ.go:74.32,76.4 1 0
github.com/garnizeh/moolah/internal/ui/layout/sidebar_templ.go:77.3,79.32 3 43
github.com/garnizeh/moolah/internal/ui/layout/sidebar_templ.go:79.32,81.4 1 0
github.com/garnizeh/moolah/internal/ui/layout/sidebar_templ.go:82.3,83.32 2 43
github.com/garnizeh/moolah/internal/ui/layout/sidebar_templ.go:83.32,85.4 1 0
github.com/garnizeh/moolah/internal/ui/layout/sidebar_templ.go:86.3,88.32 3 43
github.com/garnizeh/moolah/internal/ui/layout/sidebar_templ.go:88.32,90.4 1 0
github.com/garnizeh/moolah/internal/ui/layout/sidebar_templ.go:91.3,92.32 2 43
github.com/garnizeh/moolah/internal/ui/layout/sidebar_templ.go:92.32,94.4 1 0
github.com/garnizeh/moolah/internal/ui/layout/sidebar_templ.go:95.3,96.32 2 43
github.com/garnizeh/moolah/internal/ui/layout/sidebar_templ.go:96.32,98.4 1 0
github.com/garnizeh/moolah/internal/ui/layout/sidebar_templ.go:99.3,100.32 2 43
github.com/garnizeh/moolah/internal/ui/layout/sidebar_templ.go:100.32,102.4 1 0
github.com/garnizeh/moolah/internal/ui/layout/sidebar_templ.go:103.3,104.32 2 43
github.com/garnizeh/moolah/internal/ui/layout/sidebar_templ.go:104.32,106.4 1 0
github.com/garnizeh/moolah/internal/ui/layout/sidebar_templ.go:107.3,109.32 3 43
github.com/garnizeh/moolah/internal/ui/layout/sidebar_templ.go:109.32,111.4 1 0
github.com/garnizeh/moolah/internal/ui/layout/sidebar_templ.go:112.3,113.32 2 43
github.com/garnizeh/moolah/internal/ui/layout/sidebar_templ.go:113.32,115.4 1 0
github.com/garnizeh/moolah/internal/ui/layout/sidebar_templ.go:116.3,117.32 2 43
github.com/garnizeh/moolah/internal/ui/layout/sidebar_templ.go:117.32,119.4 1 0
github.com/garnizeh/moolah/internal/ui/layout/sidebar_templ.go:120.3,120.13 1 43
github.com/garnizeh/moolah/internal/ui/layout/sidebar_templ.go:124.47,125.131 1 5
github.com/garnizeh/moolah/internal/ui/layout/sidebar_templ.go:125.131,127.71 2 5
github.com/garnizeh/moolah/internal/ui/layout/sidebar_templ.go:127.71,129.4 1 0
github.com/garnizeh/moolah/internal/ui/layout/sidebar_templ.go:130.3,131.31 2 5
github.com/garnizeh/moolah/internal/ui/layout/sidebar_templ.go:131.31,132.17 1 0
github.com/garnizeh/moolah/internal/ui/layout/sidebar_templ.go:132.17,134.34 2 0
github.com/garnizeh/moolah/internal/ui/layout/sidebar_templ.go:134.34,136.6 1 0
github.com/garnizeh/moolah/internal/ui/layout/sidebar_templ.go:139.3,141.33 3 5
github.com/garnizeh/moolah/internal/ui/layout/sidebar_templ.go:141.33,143.4 1 0
github.com/garnizeh/moolah/internal/ui/layout/sidebar_templ.go:144.3,146.32 3 5
github.com/garnizeh/moolah/internal/ui/layout/sidebar_templ.go:146.32,148.4 1 0
github.com/garnizeh/moolah/internal/ui/layout/sidebar_templ.go:149.3,150.32 2 5
github.com/garnizeh/moolah/internal/ui/layout/sidebar_templ.go:150.32,152.4 1 0
github.com/garnizeh/moolah/internal/ui/layout/sidebar_templ.go:153.3,154.32 2 5
github.com/garnizeh/moolah/internal/ui/layout/sidebar_templ.go:154.32,156.4 1 0
github.com/garnizeh/moolah/internal/ui/layout/sidebar_templ.go:157.3,158.32 2 5
github.com/garnizeh/moolah/internal/ui/layout/sidebar_templ.go:158.32,160.4 1 0
github.com/garnizeh/moolah/internal/ui/layout/sidebar_templ.go:161.3,162.32 2 5
github.com/garnizeh/moolah/internal/ui/layout/sidebar_templ.go:162.32,164.4 1 0
github.com/garnizeh/moolah/internal/ui/layout/sidebar_templ.go:165.3,166.32 2 5
github.com/garnizeh/moolah/internal/ui/layout/sidebar_templ.go:166.32,168.4 1 0
github.com/garnizeh/moolah/internal/ui/layout/sidebar_templ.go:169.3,170.32 2 5
github.com/garnizeh/moolah/internal/ui/layout/sidebar_templ.go:170.32,172.4 1 0
github.com/garnizeh/moolah/internal/ui/layout/sidebar_templ.go:173.3,174.32 2 5
github.com/garnizeh/moolah/internal/ui/layout/sidebar_templ.go:174.32,176.4 1 0
github.com/garnizeh/moolah/internal/ui/layout/sidebar_templ.go:177.3,178.32 2 5
github.com/garnizeh/moolah/internal/ui/layout/sidebar_templ.go:178.32,180.4 1 0
github.com/garnizeh/moolah/internal/ui/layout/sidebar_templ.go:181.3,182.32 2 5
github.com/garnizeh/moolah/internal/ui/layout/sidebar_templ.go:182.32,184.4 1 0
github.com/garnizeh/moolah/internal/ui/layout/sidebar_templ.go:185.3,186.32 2 5
github.com/garnizeh/moolah/internal/ui/layout/sidebar_templ.go:186.32,188.4 1 0
github.com/garnizeh/moolah/internal/ui/layout/sidebar_templ.go:189.3,190.32 2 5
github.com/garnizeh/moolah/internal/ui/layout/sidebar_templ.go:190.32,192.4 1 0
github.com/garnizeh/moolah/internal/ui/layout/sidebar_templ.go:193.3,193.57 1 5
github.com/garnizeh/moolah/internal/ui/layout/sidebar_templ.go:193.57,195.33 2 1
github.com/garnizeh/moolah/internal/ui/layout/sidebar_templ.go:195.33,197.5 1 0
github.com/garnizeh/moolah/internal/ui/layout/sidebar_templ.go:198.4,199.33 2 1
github.com/garnizeh/moolah/internal/ui/layout/sidebar_templ.go:199.33,201.5 1 0
github.com/garnizeh/moolah/internal/ui/layout/sidebar_templ.go:202.4,203.33 2 1
github.com/garnizeh/moolah/internal/ui/layout/sidebar_templ.go:203.33,205.5 1 0
github.com/garnizeh/moolah/internal/ui/layout/sidebar_templ.go:206.4,207.33 2 1
github.com/garnizeh/moolah/internal/ui/layout/sidebar_templ.go:207.33,209.5 1 0
github.com/garnizeh/moolah/internal/ui/layout/sidebar_templ.go:210.4,211.33 2 1
github.com/garnizeh/moolah/internal/ui/layout/sidebar_templ.go:211.33,213.5 1 0
github.com/garnizeh/moolah/internal/ui/layout/sidebar_templ.go:215.3,216.32 2 5
github.com/garnizeh/moolah/internal/ui/layout/sidebar_templ.go:216.32,218.4 1 0
github.com/garnizeh/moolah/internal/ui/layout/sidebar_templ.go:219.3,221.32 3 5
github.com/garnizeh/moolah/internal/ui/layout/sidebar_templ.go:221.32,223.4 1 0
github.com/garnizeh/moolah/internal/ui/layout/sidebar_templ.go:224.3,225.32 2 5
github.com/garnizeh/moolah/internal/ui/layout/sidebar_templ.go:225.32,227.4 1 0
github.com/garnizeh/moolah/internal/ui/layout/sidebar_templ.go:228.3,229.32 2 5
github.com/garnizeh/moolah/internal/ui/layout/sidebar_templ.go:229.32,231.4 1 0
github.com/garnizeh/moolah/internal/ui/layout/sidebar_templ.go:232.3,234.32 3 5
github.com/garnizeh/moolah/internal/ui/layout/sidebar_templ.go:234.32,236.4 1 0
github.com/garnizeh/moolah/internal/ui/layout/sidebar_templ.go:237.3,238.32 2 5
github.com/garnizeh/moolah/internal/ui/layout/sidebar_templ.go:238.32,240.4 1 0
github.com/garnizeh/moolah/internal/ui/layout/sidebar_templ.go:241.3,242.32 2 5
github.com/garnizeh/moolah/internal/ui/layout/sidebar_templ.go:242.32,244.4 1 0
github.com/garnizeh/moolah/internal/ui/layout/sidebar_templ.go:245.3,247.32 3 5
github.com/garnizeh/moolah/internal/ui/layout/sidebar_templ.go:247.32,249.4 1 0
github.com/garnizeh/moolah/internal/ui/layout/sidebar_templ.go:250.3,251.32 2 5
github.com/garnizeh/moolah/internal/ui/layout/sidebar_templ.go:251.32,253.4 1 0
github.com/garnizeh/moolah/internal/ui/layout/sidebar_templ.go:254.3,255.32 2 5
github.com/garnizeh/moolah/internal/ui/layout/sidebar_templ.go:255.32,257.4 1 0
github.com/garnizeh/moolah/internal/ui/layout/sidebar_templ.go:258.3,258.13 1 5
github.com/garnizeh/moolah/internal/ui/layout/sidebar_templ.go:262.38,263.131 1 5
github.com/garnizeh/moolah/internal/ui/layout/sidebar_templ.go:263.131,265.71 2 5
github.com/garnizeh/moolah/internal/ui/layout/sidebar_templ.go:265.71,267.4 1 0
github.com/garnizeh/moolah/internal/ui/layout/sidebar_templ.go:268.3,269.31 2 5
github.com/garnizeh/moolah/internal/ui/layout/sidebar_templ.go:269.31,270.17 1 0
github.com/garnizeh/moolah/internal/ui/layout/sidebar_templ.go:270.17,272.34 2 0
github.com/garnizeh/moolah/internal/ui/layout/sidebar_templ.go:272.34,274.6 1 0
github.com/garnizeh/moolah/internal/ui/layout/sidebar_templ.go:277.3,279.34 3 5
github.com/garnizeh/moolah/internal/ui/layout/sidebar_templ.go:279.34,281.4 1 0
github.com/garnizeh/moolah/internal/ui/layout/sidebar_templ.go:282.3,284.32 3 5
github.com/garnizeh/moolah/internal/ui/layout/sidebar_templ.go:284.32,286.4 1 0
github.com/garnizeh/moolah/internal/ui/layout/sidebar_templ.go:287.3,287.13 1 5
github.com/garnizeh/moolah/internal/ui/layout/sidebar_templ.go:291.37,292.131 1 5
github.com/garnizeh/moolah/internal/ui/layout/sidebar_templ.go:292.131,294.71 2 5
github.com/garnizeh/moolah/internal/ui/layout/sidebar_templ.go:294.71,296.4 1 0
github.com/garnizeh/moolah/internal/ui/layout/sidebar_templ.go:297.3,298.31 2 5
github.com/garnizeh/moolah/internal/ui/layout/sidebar_templ.go:298.31,299.17 1 0
github.com/garnizeh/moolah/internal/ui/layout/sidebar_templ.go:299.17,301.34 2 0
github.com/garnizeh/moolah/internal/ui/layout/sidebar_templ.go:301.34,303.6 1 0
github.com/garnizeh/moolah/internal/ui/layout/sidebar_templ.go:306.3,308.34 3 5
github.com/garnizeh/moolah/internal/ui/layout/sidebar_templ.go:308.34,310.4 1 0
github.com/garnizeh/moolah/internal/ui/layout/sidebar_templ.go:311.3,313.32 3 5
github.com/garnizeh/moolah/internal/ui/layout/sidebar_templ.go:313.32,315.4 1 0
github.com/garnizeh/moolah/internal/ui/layout/sidebar_templ.go:316.3,316.13 1 5
github.com/garnizeh/moolah/internal/ui/layout/sidebar_templ.go:320.41,321.131 1 5
github.com/garnizeh/moolah/internal/ui/layout/sidebar_templ.go:321.131,323.71 2 5
github.com/garnizeh/moolah/internal/ui/layout/sidebar_templ.go:323.71,325.4 1 0
github.com/garnizeh/moolah/internal/ui/layout/sidebar_templ.go:326.3,327.31 2 5
github.com/garnizeh/moolah/internal/ui/layout/sidebar_templ.go:327.31,328.17 1 0
github.com/garnizeh/moolah/internal/ui/layout/sidebar_templ.go:328.17,330.34 2 0
github.com/garnizeh/moolah/internal/ui/layout/sidebar_templ.go:330.34,332.6 1 0
github.com/garnizeh/moolah/internal/ui/layout/sidebar_templ.go:335.3,337.34 3 5
github.com/garnizeh/moolah/internal/ui/layout/sidebar_templ.go:337.34,339.4 1 0
github.com/garnizeh/moolah/internal/ui/layout/sidebar_templ.go:340.3,342.32 3 5
github.com/garnizeh/moolah/internal/ui/layout/sidebar_templ.go:342.32,344.4 1 0
github.com/garnizeh/moolah/internal/ui/layout/sidebar_templ.go:345.3,345.13 1 5
github.com/garnizeh/moolah/internal/ui/layout/sidebar_templ.go:349.39,350.131 1 5
github.com/garnizeh/moolah/internal/ui/layout/sidebar_templ.go:350.131,352.71 2 5
github.com/garnizeh/moolah/internal/ui/layout/sidebar_templ.go:352.71,354.4 1 0
github.com/garnizeh/moolah/internal/ui/layout/sidebar_templ.go:355.3,356.31 2 5
github.com/garnizeh/moolah/internal/ui/layout/sidebar_templ.go:356.31,357.17 1 0
github.com/garnizeh/moolah/internal/ui/layout/sidebar_templ.go:357.17,359.34 2 0
github.com/garnizeh/moolah/internal/ui/layout/sidebar_templ.go:359.34,361.6 1 0
github.com/garnizeh/moolah/internal/ui/layout/sidebar_templ.go:364.3,366.34 3 5
github.com/garnizeh/moolah/internal/ui/layout/sidebar_templ.go:366.34,368.4 1 0
github.com/garnizeh/moolah/internal/ui/layout/sidebar_templ.go:369.3,371.32 3 5
github.com/garnizeh/moolah/internal/ui/layout/sidebar_templ.go:371.32,373.4 1 0
github.com/garnizeh/moolah/internal/ui/layout/sidebar_templ.go:374.3,374.13 1 5
github.com/garnizeh/moolah/internal/ui/layout/sidebar_templ.go:378.44,379.131 1 5
github.com/garnizeh/moolah/internal/ui/layout/sidebar_templ.go:379.131,381.71 2 5
github.com/garnizeh/moolah/internal/ui/layout/sidebar_templ.go:381.71,383.4 1 0
github.com/garnizeh/moolah/internal/ui/layout/sidebar_templ.go:384.3,385.31 2 5
github.com/garnizeh/moolah/internal/ui/layout/sidebar_templ.go:385.31,386.17 1 0
github.com/garnizeh/moolah/internal/ui/layout/sidebar_templ.go:386.17,388.34 2 0
github.com/garnizeh/moolah/internal/ui/layout/sidebar_templ.go:388.34,390.6 1 0
github.com/garnizeh/moolah/internal/ui/layout/sidebar_templ.go:393.3,395.34 3 5
github.com/garnizeh/moolah/internal/ui/layout/sidebar_templ.go:395.34,397.4 1 0
github.com/garnizeh/moolah/internal/ui/layout/sidebar_templ.go:398.3,400.32 3 5
github.com/garnizeh/moolah/internal/ui/layout/sidebar_templ.go:400.32,402.4 1 0
github.com/garnizeh/moolah/internal/ui/layout/sidebar_templ.go:403.3,403.13 1 5
github.com/garnizeh/moolah/internal/ui/layout/sidebar_templ.go:407.38,408.131 1 5
github.com/garnizeh/moolah/internal/ui/layout/sidebar_templ.go:408.131,410.71 2 5
github.com/garnizeh/moolah/internal/ui/layout/sidebar_templ.go:410.71,412.4 1 0
github.com/garnizeh/moolah/internal/ui/layout/sidebar_templ.go:413.3,414.31 2 5
github.com/garnizeh/moolah/internal/ui/layout/sidebar_templ.go:414.31,415.17 1 0
github.com/garnizeh/moolah/internal/ui/layout/sidebar_templ.go:415.17,417.34 2 0
github.com/garnizeh/moolah/internal/ui/layout/sidebar_templ.go:417.34,419.6 1 0
github.com/garnizeh/moolah/internal/ui/layout/sidebar_templ.go:422.3,424.34 3 5
github.com/garnizeh/moolah/internal/ui/layout/sidebar_templ.go:424.34,426.4 1 0
github.com/garnizeh/moolah/internal/ui/layout/sidebar_templ.go:427.3,429.32 3 5
github.com/garnizeh/moolah/internal/ui/layout/sidebar_templ.go:429.32,431.4 1 0
github.com/garnizeh/moolah/internal/ui/layout/sidebar_templ.go:432.3,432.13 1 5
github.com/garnizeh/moolah/internal/ui/layout/sidebar_templ.go:436.38,437.131 1 5
github.com/garnizeh/moolah/internal/ui/layout/sidebar_templ.go:437.131,439.71 2 5
github.com/garnizeh/moolah/internal/ui/layout/sidebar_templ.go:439.71,441.4 1 0
github.com/garnizeh/moolah/internal/ui/layout/sidebar_templ.go:442.3,443.31 2 5
github.com/garnizeh/moolah/internal/ui/layout/sidebar_templ.go:443.31,444.17 1 0
github.com/garnizeh/moolah/internal/ui/layout/sidebar_templ.go:444.17,446.34 2 0
github.com/garnizeh/moolah/internal/ui/layout/sidebar_templ.go:446.34,448.6 1 0
github.com/garnizeh/moolah/internal/ui/layout/sidebar_templ.go:451.3,453.34 3 5
github.com/garnizeh/moolah/internal/ui/layout/sidebar_templ.go:453.34,455.4 1 0
github.com/garnizeh/moolah/internal/ui/layout/sidebar_templ.go:456.3,458.32 3 5
github.com/garnizeh/moolah/internal/ui/layout/sidebar_templ.go:458.32,460.4 1 0
github.com/garnizeh/moolah/internal/ui/layout/sidebar_templ.go:461.3,461.13 1 5
github.com/garnizeh/moolah/internal/ui/layout/sidebar_templ.go:465.35,466.131 1 5
github.com/garnizeh/moolah/internal/ui/layout/sidebar_templ.go:466.131,468.71 2 5
github.com/garnizeh/moolah/internal/ui/layout/sidebar_templ.go:468.71,470.4 1 0
github.com/garnizeh/moolah/internal/ui/layout/sidebar_templ.go:471.3,472.31 2 5
github.com/garnizeh/moolah/internal/ui/layout/sidebar_templ.go:472.31,473.17 1 0
github.com/garnizeh/moolah/internal/ui/layout/sidebar_templ.go:473.17,475.34 2 0
github.com/garnizeh/moolah/internal/ui/layout/sidebar_templ.go:475.34,477.6 1 0
github.com/garnizeh/moolah/internal/ui/layout/sidebar_templ.go:480.3,482.34 3 5
github.com/garnizeh/moolah/internal/ui/layout/sidebar_templ.go:482.34,484.4 1 0
github.com/garnizeh/moolah/internal/ui/layout/sidebar_templ.go:485.3,487.32 3 5
github.com/garnizeh/moolah/internal/ui/layout/sidebar_templ.go:487.32,489.4 1 0
github.com/garnizeh/moolah/internal/ui/layout/sidebar_templ.go:490.3,490.13 1 5
github.com/garnizeh/moolah/internal/ui/layout/sidebar_templ.go:494.34,495.131 1 1
github.com/garnizeh/moolah/internal/ui/layout/sidebar_templ.go:495.131,497.71 2 1
github.com/garnizeh/moolah/internal/ui/layout/sidebar_templ.go:497.71,499.4 1 0
github.com/garnizeh/moolah/internal/ui/layout/sidebar_templ.go:500.3,501.31 2 1
github.com/garnizeh/moolah/internal/ui/layout/sidebar_templ.go:501.31,502.17 1 0
github.com/garnizeh/moolah/internal/ui/layout/sidebar_templ.go:502.17,504.34 2 0
github.com/garnizeh/moolah/internal/ui/layout/sidebar_templ.go:504.34,506.6 1 0
github.com/garnizeh/moolah/internal/ui/layout/sidebar_templ.go:509.3,511.34 3 1
github.com/garnizeh/moolah/internal/ui/layout/sidebar_templ.go:511.34,513.4 1 0
github.com/garnizeh/moolah/internal/ui/layout/sidebar_templ.go:514.3,516.32 3 1
github.com/garnizeh/moolah/internal/ui/layout/sidebar_templ.go:516.32,518.4 1 0
github.com/garnizeh/moolah/internal/ui/layout/sidebar_templ.go:519.3,519.13 1 1
github.com/garnizeh/moolah/internal/ui/layout/sidebar_templ.go:523.34,524.131 1 1
github.com/garnizeh/moolah/internal/ui/layout/sidebar_templ.go:524.131,526.71 2 1
github.com/garnizeh/moolah/internal/ui/layout/sidebar_templ.go:526.71,528.4 1 0
github.com/garnizeh/moolah/internal/ui/layout/sidebar_templ.go:529.3,530.31 2 1
github.com/garnizeh/moolah/internal/ui/layout/sidebar_templ.go:530.31,531.17 1 0
github.com/garnizeh/moolah/internal/ui/layout/sidebar_templ.go:531.17,533.34 2 0
github.com/garnizeh/moolah/internal/ui/layout/sidebar_templ.go:533.34,535.6 1 0
github.com/garnizeh/moolah/internal/ui/layout/sidebar_templ.go:538.3,540.34 3 1
github.com/garnizeh/moolah/internal/ui/layout/sidebar_templ.go:540.34,542.4 1 0
github.com/garnizeh/moolah/internal/ui/layout/sidebar_templ.go:543.3,545.32 3 1
github.com/garnizeh/moolah/internal/ui/layout/sidebar_templ.go:545.32,547.4 1 0
github.com/garnizeh/moolah/internal/ui/layout/sidebar_templ.go:548.3,548.13 1 1
github.com/garnizeh/moolah/internal/ui/layout/sidebar_templ.go:552.33,553.131 1 1
github.com/garnizeh/moolah/internal/ui/layout/sidebar_templ.go:553.131,555.71 2 1
github.com/garnizeh/moolah/internal/ui/layout/sidebar_templ.go:555.71,557.4 1 0
github.com/garnizeh/moolah/internal/ui/layout/sidebar_templ.go:558.3,559.31 2 1
github.com/garnizeh/moolah/internal/ui/layout/sidebar_templ.go:559.31,560.17 1 0
github.com/garnizeh/moolah/internal/ui/layout/sidebar_templ.go:560.17,562.34 2 0
github.com/garnizeh/moolah/internal/ui/layout/sidebar_templ.go:562.34,564.6 1 0
github.com/garnizeh/moolah/internal/ui/layout/sidebar_templ.go:567.3,569.34 3 1
github.com/garnizeh/moolah/internal/ui/layout/sidebar_templ.go:569.34,571.4 1 0
github.com/garnizeh/moolah/internal/ui/layout/sidebar_templ.go:572.3,574.32 3 1
github.com/garnizeh/moolah/internal/ui/layout/sidebar_templ.go:574.32,576.4 1 0
github.com/garnizeh/moolah/internal/ui/layout/sidebar_templ.go:577.3,577.13 1 1
github.com/garnizeh/moolah/internal/ui/layout/topbar_templ.go:11.46,12.131 1 5
github.com/garnizeh/moolah/internal/ui/layout/topbar_templ.go:12.131,14.71 2 5
github.com/garnizeh/moolah/internal/ui/layout/topbar_templ.go:14.71,16.4 1 0
github.com/garnizeh/moolah/internal/ui/layout/topbar_templ.go:17.3,18.31 2 5
github.com/garnizeh/moolah/internal/ui/layout/topbar_templ.go:18.31,19.17 1 0
github.com/garnizeh/moolah/internal/ui/layout/topbar_templ.go:19.17,21.34 2 0
github.com/garnizeh/moolah/internal/ui/layout/topbar_templ.go:21.34,23.6 1 0
github.com/garnizeh/moolah/internal/ui/layout/topbar_templ.go:26.3,28.33 3 5
github.com/garnizeh/moolah/internal/ui/layout/topbar_templ.go:28.33,30.4 1 0
github.com/garnizeh/moolah/internal/ui/layout/topbar_templ.go:31.3,33.32 3 5
github.com/garnizeh/moolah/internal/ui/layout/topbar_templ.go:33.32,35.4 1 0
github.com/garnizeh/moolah/internal/ui/layout/topbar_templ.go:36.3,38.32 3 5
github.com/garnizeh/moolah/internal/ui/layout/topbar_templ.go:38.32,40.4 1 0
github.com/garnizeh/moolah/internal/ui/layout/topbar_templ.go:41.3,42.32 2 5
github.com/garnizeh/moolah/internal/ui/layout/topbar_templ.go:42.32,44.4 1 0
github.com/garnizeh/moolah/internal/ui/layout/topbar_templ.go:45.3,46.32 2 5
github.com/garnizeh/moolah/internal/ui/layout/topbar_templ.go:46.32,48.4 1 0
github.com/garnizeh/moolah/internal/ui/layout/topbar_templ.go:49.3,49.24 1 5
github.com/garnizeh/moolah/internal/ui/layout/topbar_templ.go:49.24,52.33 3 5
github.com/garnizeh/moolah/internal/ui/layout/topbar_templ.go:52.33,54.5 1 0
github.com/garnizeh/moolah/internal/ui/layout/topbar_templ.go:55.4,56.33 2 5
github.com/garnizeh/moolah/internal/ui/layout/topbar_templ.go:56.33,58.5 1 0
github.com/garnizeh/moolah/internal/ui/layout/topbar_templ.go:60.3,61.32 2 5
github.com/garnizeh/moolah/internal/ui/layout/topbar_templ.go:61.32,63.4 1 0
github.com/garnizeh/moolah/internal/ui/layout/topbar_templ.go:64.3,66.32 3 5
github.com/garnizeh/moolah/internal/ui/layout/topbar_templ.go:66.32,68.4 1 0
github.com/garnizeh/moolah/internal/ui/layout/topbar_templ.go:69.3,70.32 2 5
github.com/garnizeh/moolah/internal/ui/layout/topbar_templ.go:70.32,72.4 1 0
github.com/garnizeh/moolah/internal/ui/layout/topbar_templ.go:73.3,74.32 2 5
github.com/garnizeh/moolah/internal/ui/layout/topbar_templ.go:74.32,76.4 1 0
github.com/garnizeh/moolah/internal/ui/layout/topbar_templ.go:77.3,79.32 3 5
github.com/garnizeh/moolah/internal/ui/layout/topbar_templ.go:79.32,81.4 1 0
github.com/garnizeh/moolah/internal/ui/layout/topbar_templ.go:82.3,83.32 2 5
github.com/garnizeh/moolah/internal/ui/layout/topbar_templ.go:83.32,85.4 1 0
github.com/garnizeh/moolah/internal/ui/layout/topbar_templ.go:86.3,87.32 2 5
github.com/garnizeh/moolah/internal/ui/layout/topbar_templ.go:87.32,89.4 1 0
github.com/garnizeh/moolah/internal/ui/layout/topbar_templ.go:90.3,90.13 1 5
